<?xml version="1.0" encoding="UTF-8"?>
<!-- Generated by org.testng.reporters.JUnitReportReporter -->
<testsuite skipped="0" hostname="DESKTOP-SR6CLN1" name="OPW01.OpenWeatherMap.Runner" tests="1" failures="0" timestamp="14 Mar 2021 17:04:50 GMT" time="0.148" errors="1">
  <testcase name="run_cukes" time="0.148" classname="OPW01.OpenWeatherMap.Runner">
    <error/>
  </testcase> <!-- run_cukes -->
</testsuite> <!-- OPW01.OpenWeatherMap.Runner -->
